<?xml version="1.0" encoding="UTF-8"?>
<testng-results ignored="0" total="1" passed="1" failed="0" skipped="0">
  <reporter-output>
  </reporter-output>
  <suite started-at="2020-12-11T20:14:29 EST" name="Default suite" finished-at="2020-12-11T20:15:05 EST" duration-ms="36285">
    <groups>
    </groups>
    <test started-at="2020-12-11T20:14:29 EST" name="Default test" finished-at="2020-12-11T20:15:05 EST" duration-ms="36285">
      <class name="step_definitions.HomePageLinksTest">
        <test-method is-config="true" signature="loadUrl()[pri:0, instance:step_definitions.HomePageLinksTest@2f177a4b]" started-at="2020-12-11T20:14:29 EST" name="loadUrl" finished-at="2020-12-11T20:14:41 EST" duration-ms="12141" status="PASS">
          <reporter-output>
          </reporter-output>
        </test-method> <!-- loadUrl -->
        <test-method signature="registerLinkTest()[pri:0, instance:step_definitions.HomePageLinksTest@2f177a4b]" started-at="2020-12-11T20:14:41 EST" name="registerLinkTest" finished-at="2020-12-11T20:15:04 EST" duration-ms="23055" status="PASS">
          <reporter-output>
          </reporter-output>
        </test-method> <!-- registerLinkTest -->
        <test-method is-config="true" signature="closeBrowser()[pri:0, instance:step_definitions.HomePageLinksTest@2f177a4b]" started-at="2020-12-11T20:15:04 EST" name="closeBrowser" finished-at="2020-12-11T20:15:05 EST" duration-ms="1003" status="PASS">
          <reporter-output>
          </reporter-output>
        </test-method> <!-- closeBrowser -->
      </class> <!-- step_definitions.HomePageLinksTest -->
    </test> <!-- Default test -->
  </suite> <!-- Default suite -->
</testng-results>
